<?xml version="1.0" encoding="UTF-8"?>
<!-- Generated by org.testng.reporters.JUnitReportReporter -->
<testsuite hostname="Snigdha" failures="0" tests="1" name="testNG.First_TestNG" time="0.004" errors="0" timestamp="2022-03-02T09:07:57 IST" skipped="0">
  <testcase classname="testNG.First_TestNG" name="add" time="0.004"/>
  <system-out/>
</testsuite> <!-- testNG.First_TestNG -->
