<?xml version="1.0" encoding="UTF-8"?>
<!-- Generated by org.testng.reporters.JUnitReportReporter -->
<testsuite hostname="Snigdha" failures="0" tests="1" name="testNG.Launch_amazon" time="11.908" errors="0" timestamp="2022-03-02T09:07:57 IST" skipped="0">
  <testcase classname="testNG.Launch_amazon" name="add" time="11.908"/>
  <system-out/>
</testsuite> <!-- testNG.Launch_amazon -->
